Release 14.7 Map P.20131013 (lin64)
Xilinx Mapping Report File for Design 'unoxt2_top'

Design Information
------------------
Command Line   : map -filter
/home/ise/share/git/unoxt-ocm-pld-dev/unoxt/ise/iseconfig/filter.filter
-intstyle ise -p xc6slx25-ftg256-2 -w -logic_opt off -ol high -t 1 -xt 0
-register_duplication off -r 4 -global_opt off -mt 2 -ir off -pr off -lc off
-power off -o unoxt2_top_map.ncd unoxt2_top.ngd unoxt2_top.pcf 
Target Device  : xc6slx25
Target Package : ftg256
Target Speed   : -2
Mapper Version : spartan6 -- $Revision: 1.55 $
Mapped Date    : Fri Jun 30 11:30:07 2023

Design Summary
--------------
Number of errors:      0
Number of warnings:   18
Slice Logic Utilization:
  Number of Slice Registers:                 6,796 out of  30,064   22%
    Number used as Flip Flops:               6,761
    Number used as Latches:                      5
    Number used as Latch-thrus:                  0
    Number used as AND/OR logics:               30
  Number of Slice LUTs:                     10,442 out of  15,032   69%
    Number used as logic:                   10,281 out of  15,032   68%
      Number using O6 output only:           8,013
      Number using O5 output only:             168
      Number using O5 and O6:                2,100
      Number used as ROM:                        0
    Number used as Memory:                      74 out of   3,664    2%
      Number used as Dual Port RAM:             60
        Number using O6 output only:            16
        Number using O5 output only:             2
        Number using O5 and O6:                 42
      Number used as Single Port RAM:           11
        Number using O6 output only:             4
        Number using O5 output only:             0
        Number using O5 and O6:                  7
      Number used as Shift Register:             3
        Number using O6 output only:             3
        Number using O5 output only:             0
        Number using O5 and O6:                  0
    Number used exclusively as route-thrus:     87
      Number with same-slice register load:     66
      Number with same-slice carry load:        21
      Number with other load:                    0

Slice Logic Distribution:
  Number of occupied Slices:                 3,422 out of   3,758   91%
  Number of MUXCYs used:                     1,712 out of   7,516   22%
  Number of LUT Flip Flop pairs used:       11,042
    Number with an unused Flip Flop:         5,156 out of  11,042   46%
    Number with an unused LUT:                 600 out of  11,042    5%
    Number of fully used LUT-FF pairs:       5,286 out of  11,042   47%
    Number of unique control sets:             453
    Number of slice register sites lost
      to control set restrictions:           1,703 out of  30,064    5%

  A LUT Flip Flop pair for this architecture represents one LUT paired with
  one Flip Flop within a slice.  A control set is a unique combination of
  clock, reset, set, and enable signals for a registered element.
  The Slice Logic Distribution report is not meaningful if the design is
  over-mapped for a non-slice resource or if Placement fails.

IO Utilization:
  Number of bonded IOBs:                       136 out of     186   73%
    Number of LOCed IOBs:                      136 out of     136  100%

Specific Feature Utilization:
  Number of RAMB16BWERs:                         0 out of      52    0%
  Number of RAMB8BWERs:                         21 out of     104   20%
  Number of BUFIO2/BUFIO2_2CLKs:                 1 out of      32    3%
    Number used as BUFIO2s:                      1
    Number used as BUFIO2_2CLKs:                 0
  Number of BUFIO2FB/BUFIO2FB_2CLKs:             1 out of      32    3%
    Number used as BUFIO2FBs:                    1
    Number used as BUFIO2FB_2CLKs:               0
  Number of BUFG/BUFGMUXs:                       5 out of      16   31%
    Number used as BUFGs:                        5
    Number used as BUFGMUX:                      0
  Number of DCM/DCM_CLKGENs:                     0 out of       4    0%
  Number of ILOGIC2/ISERDES2s:                   0 out of     272    0%
  Number of IODELAY2/IODRP2/IODRP2_MCBs:         0 out of     272    0%
  Number of OLOGIC2/OSERDES2s:                   0 out of     272    0%
  Number of BSCANs:                              0 out of       4    0%
  Number of BUFHs:                               0 out of     160    0%
  Number of BUFPLLs:                             0 out of       8    0%
  Number of BUFPLL_MCBs:                         0 out of       4    0%
  Number of DSP48A1s:                            6 out of      38   15%
  Number of ICAPs:                               0 out of       1    0%
  Number of MCBs:                                0 out of       2    0%
  Number of PCILOGICSEs:                         0 out of       2    0%
  Number of PLL_ADVs:                            1 out of       2   50%
  Number of PMVs:                                0 out of       1    0%
  Number of STARTUPs:                            0 out of       1    0%
  Number of SUSPEND_SYNCs:                       0 out of       1    0%

Average Fanout of Non-Clock Nets:                4.51

Peak Memory Usage:  1054 MB
Total REAL time to MAP completion:  1 mins 50 secs 
Total CPU time to MAP completion (all processors):   2 mins 1 secs 

Table of Contents
-----------------
Section 1 - Errors
Section 2 - Warnings
Section 3 - Informational
Section 4 - Removed Logic Summary
Section 5 - Removed Logic
Section 6 - IOB Properties
Section 7 - RPMs
Section 8 - Guide Report
Section 9 - Area Group and Partition Summary
Section 10 - Timing Report
Section 11 - Configuration String Information
Section 12 - Control Set Information
Section 13 - Utilization by Hierarchy

Section 1 - Errors
------------------

Section 2 - Warnings
--------------------
WARNING:Security:42 - Your software subscription period has lapsed. Your current
version of Xilinx tools will continue to function, but you no longer qualify for
Xilinx software updates or new releases.
WARNING:Place:1206 - This design contains a global buffer instance,
   <msxpp/U00/clkout3_buf>, driving the net, <sdram_clk_OBUF>, that is driving
   the following (first 30) non-clock load pins off chip.
   < PIN: sdram_clk.O; >
   This design practice, in Spartan-6, can lead to an unroutable situation due
   to limitations in the global routing. If the design does route there may be
   excessive delay or skew on this net. It is recommended to use a Clock
   Forwarding technique to create a reliable and repeatable low skew solution:
   instantiate an ODDR2 component; tie the .D0 pin to Logic1; tie the .D1 pin to
   Logic0; tie the clock net to be forwarded to .C0; tie the inverted clock to
   .C1. This is normally an ERROR but the CLOCK_DEDICATED_ROUTE constraint was
   applied on COMP.PIN <msxpp/U00/clkout3_buf.O> allowing your design to
   continue. This constraint disables all clock placer rules related to the
   specified COMP.PIN.
WARNING:Place:1137 - This design is not guaranteed to be routable! This design
   contains a global buffer instance, <msxpp/U00/clkout3_buf>, driving the net,
   <sdram_clk_OBUF>, that is driving the following (first 30) non-clock load
   pins.
   < PIN: sdram_clk.O; >
   This is not a recommended design practice in Spartan-6 due to limitations in
   the global routing that may cause excessive delay, skew or unroutable
   situations.  It is recommended to only use a BUFG resource to drive clock
   loads. Please pay extra attention to the timing and routing of this path to
   ensure the design goals are met. This is normally an ERROR but the
   CLOCK_DEDICATED_ROUTE constraint was applied on COMP.PIN
   <msxpp/U00/clkout3_buf.O> allowing your design to continue. This constraint
   disables all clock placer rules related to the specified COMP.PIN.
WARNING:PhysDesignRules:372 - Gated clock. Clock net
   msxpp/U06/reset_Caps_AND_1195_o is sourced by a combinatorial pin. This is
   not good design practice. Use the CE pin to control the loading of data into
   the flip-flop.
WARNING:PhysDesignRules:372 - Gated clock. Clock net
   msxpp/U20/U_VDP_REGISTER/RESET_FORCED_V_MODE_AND_1518_o is sourced by a
   combinatorial pin. This is not good design practice. Use the CE pin to
   control the loading of data into the flip-flop.
WARNING:PhysDesignRules:372 - Gated clock. Clock net
   msxpp/U06/reset_Kana_AND_1197_o is sourced by a combinatorial pin. This is
   not good design practice. Use the CE pin to control the loading of data into
   the flip-flop.
WARNING:PhysDesignRules:372 - Gated clock. Clock net
   msxpp/U06/reset_CmtScro_AND_1199_o is sourced by a combinatorial pin. This is
   not good design practice. Use the CE pin to control the loading of data into
   the flip-flop.
WARNING:PhysDesignRules:372 - Gated clock. Clock net
   msxpp/reset_LastRst_sta_AND_2840_o is sourced by a combinatorial pin. This is
   not good design practice. Use the CE pin to control the loading of data into
   the flip-flop.
WARNING:PhysDesignRules:367 - The signal
   <msxpp/U20/U_SPRITE/ISPINFORAM/Mram_IMEM1_RAMD_D1_O> is incomplete. The
   signal does not drive any load pins in the design.
WARNING:PhysDesignRules:367 - The signal
   <msxpp/U20/U_SPRITE/ISPINFORAM/Mram_IMEM5_RAMD_D1_O> is incomplete. The
   signal does not drive any load pins in the design.
WARNING:PhysDesignRules:367 - The signal
   <msxpp/U32/U1/og/Fmem/Mram_data_array10_RAMA_DPO> is incomplete. The signal
   does not drive any load pins in the design.
WARNING:PhysDesignRules:367 - The signal
   <msxpp/U32/U1/og/Fmem/Mram_data_array10_RAMB_DPO> is incomplete. The signal
   does not drive any load pins in the design.
WARNING:PhysDesignRules:367 - The signal
   <msxpp/U32/U1/og/Fmem/Mram_data_array10_RAMD_O> is incomplete. The signal
   does not drive any load pins in the design.
WARNING:PhysDesignRules:367 - The signal
   <msxpp/U01/u0/Regs/Mram_RegsL11_RAMD_D1_O> is incomplete. The signal does not
   drive any load pins in the design.
WARNING:PhysDesignRules:367 - The signal
   <msxpp/U20/U_SPRITE/ISPINFORAM/Mram_IMEM2_RAMD_D1_O> is incomplete. The
   signal does not drive any load pins in the design.
WARNING:PhysDesignRules:367 - The signal
   <msxpp/U20/U_SPRITE/ISPINFORAM/Mram_IMEM4_RAMD_D1_O> is incomplete. The
   signal does not drive any load pins in the design.
WARNING:PhysDesignRules:367 - The signal
   <msxpp/U20/U_SPRITE/ISPINFORAM/Mram_IMEM3_RAMD_D1_O> is incomplete. The
   signal does not drive any load pins in the design.
WARNING:PhysDesignRules:367 - The signal
   <msxpp/U01/u0/Regs/Mram_RegsH11_RAMD_D1_O> is incomplete. The signal does not
   drive any load pins in the design.
WARNING:PhysDesignRules:2410 - This design is using one or more 9K Block RAMs
   (RAMB8BWER).  9K Block RAM initialization data, both user defined and
   default, may be incorrect and should not be used.  For more information,
   please reference Xilinx Answer Record 39999.

Section 3 - Informational
-------------------------
INFO:Map:284 - Map is running with the multi-threading option on. Map currently
   supports the use of up to 2 processors. Based on the the user options and
   machine load, Map will use 2 processors during this run.
INFO:Security:54 - 'xc6slx25' is a WebPack part.
INFO:LIT:243 - Logical network ear_port_i_IBUF has no load.
INFO:LIT:395 - The above info message is repeated 34 more times for the
   following (max. 5 shown):
   esp_rx_i_IBUF,
   flash_miso_i_IBUF,
   joyp1_i_IBUF,
   joyp2_i_IBUF,
   joyp3_i_IBUF
   To see the details of these info messages, please use the -detail switch.
INFO:MapLib:562 - No environment variables are currently set.
INFO:Pack:1716 - Initializing temperature to 85.000 Celsius. (default - Range:
   0.000 to 85.000 Celsius)
INFO:Pack:1720 - Initializing voltage to 1.140 Volts. (default - Range: 1.140 to
   1.260 Volts)
INFO:Map:215 - The Interim Design Summary has been generated in the MAP Report
   (.mrp).
INFO:Pack:1650 - Map created a placed design.

Section 4 - Removed Logic Summary
---------------------------------
   4 block(s) removed
   2 block(s) optimized away

Section 5 - Removed Logic
-------------------------

The trimmed logic report below shows the logic removed from your design due to
sourceless or loadless signals, and VCC or ground connections.  If the removal
of a signal or symbol results in the subsequent removal of an additional signal
or symbol, the message explaining that second removal will be indented.  This
indentation will be repeated as a chain of related logic is removed.

To quickly locate the original cause for the removal of a chain of logic, look
above the place where that logic is listed in the trimming report, then locate
the lines that are least indented (begin at the leftmost edge).

Loadless block "msxpp/ADDERTREE_INTERNAL_Madd215" (ROM) removed.
Loadless block "msxpp/U32/Msub_GND_238_o_GND_238_o_sub_10_OUT<9:0>9" (ROM)
removed.
Unused block "esp_gpio0_io_PULLUP" (PULLUP) removed.
Unused block "esp_gpio2_io_PULLUP" (PULLUP) removed.

Optimized Block(s):
TYPE 		BLOCK
GND 		XST_GND
VCC 		XST_VCC

To enable printing of redundant blocks removed and signals merged, set the
detailed map report option and rerun map.

Section 6 - IOB Properties
--------------------------

+---------------------------------------------------------------------------------------------------------------------------------------------------------+
| IOB Name                           | Type             | Direction | IO Standard          | Diff  | Drive    | Slew | Reg (s)      | Resistor | IOB      |
|                                    |                  |           |                      | Term  | Strength | Rate |              |          | Delay    |
+---------------------------------------------------------------------------------------------------------------------------------------------------------+
| audioext_l_o                       | IOB              | OUTPUT    | LVCMOS33             |       | 16       | SLOW |              |          |          |
| audioext_r_o                       | IOB              | OUTPUT    | LVCMOS33             |       | 16       | SLOW |              |          |          |
| btn_divmmc_n_i                     | IOB              | INPUT     | LVCMOS33             |       |          |      |              | PULLUP   |          |
| btn_multiface_n_i                  | IOB              | INPUT     | LVCMOS33             |       |          |      |              | PULLUP   |          |
| clock_50_i                         | IOB              | INPUT     | LVCMOS33             |       |          |      |              |          |          |
| ear_port_i                         | IOB              | INPUT     | LVCMOS33             |       |          |      |              |          |          |
| esp_gpio0_io                       | IOB              | OUTPUT    | LVCMOS33             |       | 2        | SLOW |              |          |          |
| esp_gpio2_io                       | IOB              | OUTPUT    | LVCMOS33             |       | 2        | SLOW |              |          |          |
| esp_rx_i                           | IOB              | INPUT     | LVCMOS33             |       |          |      |              | PULLUP   |          |
| esp_tx_o                           | IOB              | OUTPUT    | LVCMOS33             |       | 4        | SLOW |              |          |          |
| flash_cs_n_o                       | IOB              | OUTPUT    | LVCMOS33             |       | 12       | SLOW |              |          |          |
| flash_hold_o                       | IOB              | OUTPUT    | LVCMOS33             |       | 12       | SLOW |              |          |          |
| flash_miso_i                       | IOB              | INPUT     | LVCMOS33             |       |          |      |              | PULLUP   |          |
| flash_mosi_o                       | IOB              | OUTPUT    | LVCMOS33             |       | 12       | SLOW |              |          |          |
| flash_sclk_o                       | IOB              | OUTPUT    | LVCMOS33             |       | 12       | SLOW |              |          |          |
| flash_wp_o                         | IOB              | OUTPUT    | LVCMOS33             |       | 12       | SLOW |              |          |          |
| hsync_o                            | IOB              | OUTPUT    | LVTTL                |       | 8        | FAST |              |          |          |
| joyp1_i                            | IOB              | INPUT     | LVTTL                |       |          |      |              | PULLUP   |          |
| joyp2_i                            | IOB              | INPUT     | LVTTL                |       |          |      |              | PULLUP   |          |
| joyp3_i                            | IOB              | INPUT     | LVTTL                |       |          |      |              | PULLUP   |          |
| joyp4_i                            | IOB              | INPUT     | LVTTL                |       |          |      |              | PULLUP   |          |
| joyp6_i                            | IOB              | INPUT     | LVTTL                |       |          |      |              | PULLUP   |          |
| joyp7_o                            | IOB              | OUTPUT    | LVTTL                |       | 12       | SLOW |              |          |          |
| joyp9_i                            | IOB              | INPUT     | LVTTL                |       |          |      |              | PULLUP   |          |
| led_blue_o                         | IOB              | OUTPUT    | LVCMOS33             |       | 12       | SLOW |              |          |          |
| led_green_o                        | IOB              | OUTPUT    | LVCMOS33             |       | 12       | SLOW |              |          |          |
| led_red_o                          | IOB              | OUTPUT    | LVCMOS33             |       | 12       | SLOW |              |          |          |
| led_yellow_o                       | IOB              | OUTPUT    | LVCMOS33             |       | 12       | SLOW |              |          |          |
| mic_port_o                         | IOB              | OUTPUT    | LVCMOS33             |       | 12       | SLOW |              |          |          |
| ps2_clk_io                         | IOB              | BIDIR     | LVCMOS33             |       | 24       | SLOW |              | PULLUP   |          |
| ps2_data_io                        | IOB              | BIDIR     | LVCMOS33             |       | 24       | SLOW |              | PULLUP   |          |
| ps2_pin2_io                        | IOB              | INPUT     | LVCMOS33             |       |          |      |              | PULLUP   |          |
| ps2_pin6_io                        | IOB              | INPUT     | LVCMOS33             |       |          |      |              | PULLUP   |          |
| ram_addr_o<0>                      | IOB              | OUTPUT    | LVCMOS33             |       | 4        | FAST |              |          |          |
| ram_addr_o<1>                      | IOB              | OUTPUT    | LVCMOS33             |       | 4        | FAST |              |          |          |
| ram_addr_o<2>                      | IOB              | OUTPUT    | LVCMOS33             |       | 4        | FAST |              |          |          |
| ram_addr_o<3>                      | IOB              | OUTPUT    | LVCMOS33             |       | 4        | FAST |              |          |          |
| ram_addr_o<4>                      | IOB              | OUTPUT    | LVCMOS33             |       | 4        | FAST |              |          |          |
| ram_addr_o<5>                      | IOB              | OUTPUT    | LVCMOS33             |       | 4        | FAST |              |          |          |
| ram_addr_o<6>                      | IOB              | OUTPUT    | LVCMOS33             |       | 4        | FAST |              |          |          |
| ram_addr_o<7>                      | IOB              | OUTPUT    | LVCMOS33             |       | 4        | FAST |              |          |          |
| ram_addr_o<8>                      | IOB              | OUTPUT    | LVCMOS33             |       | 4        | FAST |              |          |          |
| ram_addr_o<9>                      | IOB              | OUTPUT    | LVCMOS33             |       | 4        | FAST |              |          |          |
| ram_addr_o<10>                     | IOB              | OUTPUT    | LVCMOS33             |       | 4        | FAST |              |          |          |
| ram_addr_o<11>                     | IOB              | OUTPUT    | LVCMOS33             |       | 4        | FAST |              |          |          |
| ram_addr_o<12>                     | IOB              | OUTPUT    | LVCMOS33             |       | 4        | FAST |              |          |          |
| ram_addr_o<13>                     | IOB              | OUTPUT    | LVCMOS33             |       | 4        | FAST |              |          |          |
| ram_addr_o<14>                     | IOB              | OUTPUT    | LVCMOS33             |       | 4        | FAST |              |          |          |
| ram_addr_o<15>                     | IOB              | OUTPUT    | LVCMOS33             |       | 4        | FAST |              |          |          |
| ram_addr_o<16>                     | IOB              | OUTPUT    | LVCMOS33             |       | 4        | FAST |              |          |          |
| ram_addr_o<17>                     | IOB              | OUTPUT    | LVCMOS33             |       | 4        | FAST |              |          |          |
| ram_addr_o<18>                     | IOB              | OUTPUT    | LVCMOS33             |       | 4        | FAST |              |          |          |
| ram_addr_o<19>                     | IOB              | OUTPUT    | LVCMOS33             |       | 4        | FAST |              |          |          |
| ram_addr_o<20>                     | IOB              | OUTPUT    | LVCMOS33             |       | 4        | FAST |              |          |          |
| ram_ce_n_o                         | IOB              | OUTPUT    | LVCMOS33             |       | 4        | FAST |              |          |          |
| ram_data_io<0>                     | IOB              | INPUT     | LVCMOS33             |       |          |      |              |          |          |
| ram_data_io<1>                     | IOB              | INPUT     | LVCMOS33             |       |          |      |              |          |          |
| ram_data_io<2>                     | IOB              | INPUT     | LVCMOS33             |       |          |      |              |          |          |
| ram_data_io<3>                     | IOB              | INPUT     | LVCMOS33             |       |          |      |              |          |          |
| ram_data_io<4>                     | IOB              | INPUT     | LVCMOS33             |       |          |      |              |          |          |
| ram_data_io<5>                     | IOB              | INPUT     | LVCMOS33             |       |          |      |              |          |          |
| ram_data_io<6>                     | IOB              | INPUT     | LVCMOS33             |       |          |      |              |          |          |
| ram_data_io<7>                     | IOB              | INPUT     | LVCMOS33             |       |          |      |              |          |          |
| ram_data_io<8>                     | IOB              | INPUT     | LVCMOS33             |       |          |      |              |          |          |
| ram_data_io<9>                     | IOB              | INPUT     | LVCMOS33             |       |          |      |              |          |          |
| ram_data_io<10>                    | IOB              | INPUT     | LVCMOS33             |       |          |      |              |          |          |
| ram_data_io<11>                    | IOB              | INPUT     | LVCMOS33             |       |          |      |              |          |          |
| ram_data_io<12>                    | IOB              | INPUT     | LVCMOS33             |       |          |      |              |          |          |
| ram_data_io<13>                    | IOB              | INPUT     | LVCMOS33             |       |          |      |              |          |          |
| ram_data_io<14>                    | IOB              | INPUT     | LVCMOS33             |       |          |      |              |          |          |
| ram_data_io<15>                    | IOB              | INPUT     | LVCMOS33             |       |          |      |              |          |          |
| ram_lb_n_o                         | IOB              | OUTPUT    | LVCMOS33             |       | 4        | FAST |              |          |          |
| ram_oe_n_o                         | IOB              | OUTPUT    | LVCMOS33             |       | 4        | FAST |              |          |          |
| ram_ub_n_o                         | IOB              | OUTPUT    | LVCMOS33             |       | 4        | FAST |              |          |          |
| ram_we_n_o                         | IOB              | OUTPUT    | LVCMOS33             |       | 4        | FAST |              |          |          |
| rgb_b_o<0>                         | IOB              | OUTPUT    | LVTTL                |       | 8        | FAST |              |          |          |
| rgb_b_o<1>                         | IOB              | OUTPUT    | LVTTL                |       | 8        | FAST |              |          |          |
| rgb_b_o<2>                         | IOB              | OUTPUT    | LVTTL                |       | 8        | FAST |              |          |          |
| rgb_b_o<3>                         | IOB              | OUTPUT    | LVTTL                |       | 8        | FAST |              |          |          |
| rgb_b_o<4>                         | IOB              | OUTPUT    | LVTTL                |       | 8        | FAST |              |          |          |
| rgb_g_o<0>                         | IOB              | OUTPUT    | LVTTL                |       | 8        | FAST |              |          |          |
| rgb_g_o<1>                         | IOB              | OUTPUT    | LVTTL                |       | 8        | FAST |              |          |          |
| rgb_g_o<2>                         | IOB              | OUTPUT    | LVTTL                |       | 8        | FAST |              |          |          |
| rgb_g_o<3>                         | IOB              | OUTPUT    | LVTTL                |       | 8        | FAST |              |          |          |
| rgb_g_o<4>                         | IOB              | OUTPUT    | LVTTL                |       | 8        | FAST |              |          |          |
| rgb_r_o<0>                         | IOB              | OUTPUT    | LVTTL                |       | 8        | FAST |              |          |          |
| rgb_r_o<1>                         | IOB              | OUTPUT    | LVTTL                |       | 8        | FAST |              |          |          |
| rgb_r_o<2>                         | IOB              | OUTPUT    | LVTTL                |       | 8        | FAST |              |          |          |
| rgb_r_o<3>                         | IOB              | OUTPUT    | LVTTL                |       | 8        | FAST |              |          |          |
| rgb_r_o<4>                         | IOB              | OUTPUT    | LVTTL                |       | 8        | FAST |              |          |          |
| sd_cs0_n_o                         | IOB              | OUTPUT    | LVTTL                |       | 12       | SLOW |              |          |          |
| sd_d1_i                            | IOB              | INPUT     | LVTTL                |       |          |      |              | PULLUP   |          |
| sd_d2_i                            | IOB              | INPUT     | LVTTL                |       |          |      |              | PULLUP   |          |
| sd_miso_i                          | IOB              | INPUT     | LVTTL                |       |          |      |              | PULLUP   |          |
| sd_mosi_o                          | IOB              | OUTPUT    | LVTTL                |       | 12       | SLOW |              |          |          |
| sd_sclk_o                          | IOB              | OUTPUT    | LVTTL                |       | 12       | SLOW |              |          |          |
| sdram_addr<0>                      | IOB              | OUTPUT    | LVCMOS33             |       | 4        | FAST |              |          |          |
| sdram_addr<1>                      | IOB              | OUTPUT    | LVCMOS33             |       | 4        | FAST |              |          |          |
| sdram_addr<2>                      | IOB              | OUTPUT    | LVCMOS33             |       | 4        | FAST |              |          |          |
| sdram_addr<3>                      | IOB              | OUTPUT    | LVCMOS33             |       | 4        | FAST |              |          |          |
| sdram_addr<4>                      | IOB              | OUTPUT    | LVCMOS33             |       | 4        | FAST |              |          |          |
| sdram_addr<5>                      | IOB              | OUTPUT    | LVCMOS33             |       | 4        | FAST |              |          |          |
| sdram_addr<6>                      | IOB              | OUTPUT    | LVCMOS33             |       | 4        | FAST |              |          |          |
| sdram_addr<7>                      | IOB              | OUTPUT    | LVCMOS33             |       | 4        | FAST |              |          |          |
| sdram_addr<8>                      | IOB              | OUTPUT    | LVCMOS33             |       | 4        | FAST |              |          |          |
| sdram_addr<9>                      | IOB              | OUTPUT    | LVCMOS33             |       | 4        | FAST |              |          |          |
| sdram_addr<10>                     | IOB              | OUTPUT    | LVCMOS33             |       | 4        | FAST |              |          |          |
| sdram_addr<11>                     | IOB              | OUTPUT    | LVCMOS33             |       | 4        | FAST |              |          |          |
| sdram_addr<12>                     | IOB              | OUTPUT    | LVCMOS33             |       | 4        | FAST |              |          |          |
| sdram_ba<0>                        | IOB              | OUTPUT    | LVCMOS33             |       | 4        | FAST |              |          |          |
| sdram_ba<1>                        | IOB              | OUTPUT    | LVCMOS33             |       | 4        | FAST |              |          |          |
| sdram_cas_n                        | IOB              | OUTPUT    | LVCMOS33             |       | 4        | FAST |              |          |          |
| sdram_cke                          | IOB              | OUTPUT    | LVCMOS33             |       | 4        | FAST |              |          |          |
| sdram_clk                          | IOB              | OUTPUT    | LVCMOS33             |       | 4        | FAST |              |          |          |
| sdram_cs_n                         | IOB              | OUTPUT    | LVCMOS33             |       | 4        | FAST |              |          |          |
| sdram_data<0>                      | IOB              | BIDIR     | LVCMOS33             |       | 4        | FAST |              |          |          |
| sdram_data<1>                      | IOB              | BIDIR     | LVCMOS33             |       | 4        | FAST |              |          |          |
| sdram_data<2>                      | IOB              | BIDIR     | LVCMOS33             |       | 4        | FAST |              |          |          |
| sdram_data<3>                      | IOB              | BIDIR     | LVCMOS33             |       | 4        | FAST |              |          |          |
| sdram_data<4>                      | IOB              | BIDIR     | LVCMOS33             |       | 4        | FAST |              |          |          |
| sdram_data<5>                      | IOB              | BIDIR     | LVCMOS33             |       | 4        | FAST |              |          |          |
| sdram_data<6>                      | IOB              | BIDIR     | LVCMOS33             |       | 4        | FAST |              |          |          |
| sdram_data<7>                      | IOB              | BIDIR     | LVCMOS33             |       | 4        | FAST |              |          |          |
| sdram_data<8>                      | IOB              | BIDIR     | LVCMOS33             |       | 4        | FAST |              |          |          |
| sdram_data<9>                      | IOB              | BIDIR     | LVCMOS33             |       | 4        | FAST |              |          |          |
| sdram_data<10>                     | IOB              | BIDIR     | LVCMOS33             |       | 4        | FAST |              |          |          |
| sdram_data<11>                     | IOB              | BIDIR     | LVCMOS33             |       | 4        | FAST |              |          |          |
| sdram_data<12>                     | IOB              | BIDIR     | LVCMOS33             |       | 4        | FAST |              |          |          |
| sdram_data<13>                     | IOB              | BIDIR     | LVCMOS33             |       | 4        | FAST |              |          |          |
| sdram_data<14>                     | IOB              | BIDIR     | LVCMOS33             |       | 4        | FAST |              |          |          |
| sdram_data<15>                     | IOB              | BIDIR     | LVCMOS33             |       | 4        | FAST |              |          |          |
| sdram_ldqm                         | IOB              | OUTPUT    | LVCMOS33             |       | 4        | FAST |              |          |          |
| sdram_ras_n                        | IOB              | OUTPUT    | LVCMOS33             |       | 4        | FAST |              |          |          |
| sdram_udqm                         | IOB              | OUTPUT    | LVCMOS33             |       | 4        | FAST |              |          |          |
| sdram_we_n                         | IOB              | OUTPUT    | LVCMOS33             |       | 4        | FAST |              |          |          |
| vsync_o                            | IOB              | OUTPUT    | LVTTL                |       | 8        | FAST |              |          |          |
+---------------------------------------------------------------------------------------------------------------------------------------------------------+

Section 7 - RPMs
----------------

Section 8 - Guide Report
------------------------
Guide not run on this design.

Section 9 - Area Group and Partition Summary
--------------------------------------------

Partition Implementation Status
-------------------------------

  No Partitions were found in this design.

-------------------------------

Area Group Information
----------------------

  No area groups were found in this design.

----------------------

Section 10 - Timing Report
--------------------------
A logic-level (pre-route) timing report can be generated by using Xilinx static
timing analysis tools, Timing Analyzer (GUI) or TRCE (command line), with the
mapped NCD and PCF files. Please note that this timing report will be generated
using estimated delay information. For accurate numbers, please generate a
timing report with the post Place and Route NCD file.

For more information about the Timing Analyzer, consult the Xilinx Timing
Analyzer Reference Manual; for more information about TRCE, consult the Xilinx
Command Line Tools User Guide "TRACE" chapter.

Section 11 - Configuration String Details
-----------------------------------------
Use the "-detail" map option to print out Configuration Strings

Section 12 - Control Set Information
------------------------------------
Use the "-detail" map option to print out Control Set Information.

Section 13 - Utilization by Hierarchy
-------------------------------------
Use the "-detail" map option to print out the Utilization by Hierarchy section.
